c:\uni\tpv2\asteroids\tpv2\x64\debug\vc143.pdb
c:\uni\tpv2\asteroids\tpv2\x64\debug\vc143.idb
c:\uni\tpv2\asteroids\tpv2\x64\debug\jsonvalue.obj
c:\uni\tpv2\asteroids\tpv2\x64\debug\json.obj
c:\uni\tpv2\asteroids\tpv2\x64\debug\manager.obj
c:\uni\tpv2\asteroids\tpv2\x64\debug\entity.obj
c:\uni\tpv2\asteroids\tpv2\x64\debug\component.obj
c:\uni\tpv2\asteroids\tpv2\x64\debug\transform.obj
c:\uni\tpv2\asteroids\tpv2\x64\debug\showatopposideside.obj
c:\uni\tpv2\asteroids\tpv2\x64\debug\image.obj
c:\uni\tpv2\asteroids\tpv2\x64\debug\health.obj
c:\uni\tpv2\asteroids\tpv2\x64\debug\generations.obj
c:\uni\tpv2\asteroids\tpv2\x64\debug\framedimage.obj
c:\uni\tpv2\asteroids\tpv2\x64\debug\follow.obj
c:\uni\tpv2\asteroids\tpv2\x64\debug\disableonexit.obj
c:\uni\tpv2\asteroids\tpv2\x64\debug\deacceleration.obj
c:\uni\tpv2\asteroids\tpv2\x64\debug\clickable.obj
c:\uni\tpv2\asteroids\tpv2\x64\debug\vector2d.obj
c:\uni\tpv2\asteroids\tpv2\x64\debug\collisions.obj
c:\uni\tpv2\asteroids\tpv2\x64\debug\gamestatemachine.obj
c:\uni\tpv2\asteroids\tpv2\x64\debug\gamestate.obj
c:\uni\tpv2\asteroids\tpv2\x64\debug\texture.obj
c:\uni\tpv2\asteroids\tpv2\x64\debug\soundeffect.obj
c:\uni\tpv2\asteroids\tpv2\x64\debug\sdlutils_demo.obj
c:\uni\tpv2\asteroids\tpv2\x64\debug\sdlutils.obj
c:\uni\tpv2\asteroids\tpv2\x64\debug\json_demo.obj
c:\uni\tpv2\asteroids\tpv2\x64\debug\playstate.obj
c:\uni\tpv2\asteroids\tpv2\x64\debug\pausestate.obj
c:\uni\tpv2\asteroids\tpv2\x64\debug\mainmenustate.obj
c:\uni\tpv2\asteroids\tpv2\x64\debug\endstate.obj
c:\uni\tpv2\asteroids\tpv2\x64\debug\coopstate.obj
c:\uni\tpv2\asteroids\tpv2\x64\debug\main.obj
c:\uni\tpv2\asteroids\tpv2\x64\debug\game.obj
c:\uni\tpv2\asteroids\tpv2\x64\debug\asteroidsmanager.obj
c:\uni\tpv2\asteroids\tpv2\x64\debug\pausectrl.obj
c:\uni\tpv2\asteroids\tpv2\x64\debug\gun.obj
c:\uni\tpv2\asteroids\tpv2\x64\debug\fighterctrl.obj
c:\uni\tpv2\asteroids\tpv2\x64\debug\rendersystem.obj
c:\uni\tpv2\asteroids\tpv2\x64\debug\gamectrlsystem.obj
c:\uni\tpv2\asteroids\tpv2\x64\debug\fightersystem.obj
c:\uni\tpv2\asteroids\tpv2\x64\debug\collisionssystem.obj
c:\uni\tpv2\asteroids\tpv2\x64\debug\bulletsystem.obj
c:\uni\tpv2\asteroids\tpv2\x64\debug\asteroidssystem.obj
c:\uni\tpv2\asteroids\tpv2\x64\debug\system.obj
c:\uni\tpv2\asteroids\bin\asteroidsdebug.lib
c:\uni\tpv2\asteroids\bin\asteroidsdebug.exp
c:\uni\tpv2\asteroids\bin\asteroidsdebug.exe
c:\uni\tpv2\asteroids\tpv2\x64\debug\asteroidsdebug.ilk
c:\uni\tpv2\asteroids\bin\asteroidsdebug.pdb
c:\uni\tpv2\asteroids\tpv2\x64\debug\game.obj.enc
c:\uni\tpv2\asteroids\tpv2\x64\debug\vc142.idb
c:\uni\tpv2\asteroids\tpv2\x64\debug\asteroids.tlog\cl.command.1.tlog
c:\uni\tpv2\asteroids\tpv2\x64\debug\asteroids.tlog\cl.read.1.tlog
c:\uni\tpv2\asteroids\tpv2\x64\debug\asteroids.tlog\cl.write.1.tlog
c:\uni\tpv2\asteroids\tpv2\x64\debug\asteroids.tlog\link.command.1.tlog
c:\uni\tpv2\asteroids\tpv2\x64\debug\asteroids.tlog\link.read.1.tlog
c:\uni\tpv2\asteroids\tpv2\x64\debug\asteroids.tlog\link.write.1.tlog
c:\uni\tpv2\asteroids\tpv2\x64\debug\asteroids.tlog\link.write.2u.tlog
